<?xml version="1.0" encoding="UTF-8"?><testsuite errors="0" failures="0" name="com.petstore.testsuite.PetCurdTest" skipped="0" tests="3" time="11.03" timestamp="2023-01-03T17:52:32.632Z[Europe/London]"><testcase classname="com.petstore.testsuite.PetCurdTest" name="This will create new pet"/><testcase classname="com.petstore.testsuite.PetCurdTest" name="This test will Update the pet information"/><testcase classname="com.petstore.testsuite.PetCurdTest" name="Delete the pet and verify if the user is deleted!"/></testsuite>